<?xml version="1.0" encoding="UTF-8"?>
<!-- Generated by org.testng.reporters.JUnitReportReporter -->
<testsuite hostname="Liya" failures="0" tests="3" name="com.billing.tests.UserPageTest" time="57.652" errors="0" timestamp="2023-07-30T18:48:09 IST" skipped="0">
  <testcase classname="com.billing.tests.UserPageTest" name="verifyUserDelete" time="15.232"/>
  <system-out/>
  <testcase classname="com.billing.tests.UserPageTest" name="verifyUserAdd" time="22.354"/>
  <system-out/>
  <testcase classname="com.billing.tests.UserPageTest" name="verifyUserSearch" time="20.066"/>
  <system-out/>
</testsuite> <!-- com.billing.tests.UserPageTest -->
