<?xml version="1.0" encoding="UTF-8"?>
<!-- Generated by org.testng.reporters.JUnitReportReporter -->
<testsuite hostname="Liya" failures="0" tests="1" name="com.billing.tests.AddPurchaseTest" time="28.074" errors="0" timestamp="2023-07-22T09:44:56 IST" skipped="0">
  <testcase classname="com.billing.tests.AddPurchaseTest" name="verifyAddPurchase" time="28.074"/>
  <system-out/>
</testsuite> <!-- com.billing.tests.AddPurchaseTest -->
