<?xml version="1.0" encoding="UTF-8"?>
<!-- Generated by org.testng.reporters.JUnitReportReporter -->
<testsuite hostname="Liya" failures="0" tests="1" name="com.billing.tests.LoginTest" time="10.400" errors="0" timestamp="2023-07-30T18:48:09 IST" skipped="0">
  <testcase classname="com.billing.tests.LoginTest" name="verifyLoginUsingValidCredentials" time="10.400"/>
  <system-out/>
</testsuite> <!-- com.billing.tests.LoginTest -->
