<?xml version="1.0" encoding="UTF-8"?>
<!-- Generated by org.testng.reporters.JUnitReportReporter -->
<testsuite hostname="Liya" failures="0" tests="3" name="com.billing.tests.SupplierPageTest" time="49.912" errors="0" timestamp="2023-07-30T18:48:09 IST" skipped="0">
  <testcase classname="com.billing.tests.SupplierPageTest" name="verifySupplierPageSearchFunctionality" time="20.484"/>
  <system-out/>
  <testcase classname="com.billing.tests.SupplierPageTest" name="verifySupplierPageAddFunctionality" time="14.453"/>
  <system-out/>
  <testcase classname="com.billing.tests.SupplierPageTest" name="verifySupplierPageDeleteFunctionality" time="14.975"/>
  <system-out/>
</testsuite> <!-- com.billing.tests.SupplierPageTest -->
