<?xml version="1.0" encoding="UTF-8"?>
<!-- Generated by org.testng.reporters.JUnitReportReporter -->
<testsuite hostname="Liya" failures="0" tests="3" name="com.billing.tests.AddProductTest" time="56.357" errors="0" timestamp="2023-07-30T18:48:09 IST" skipped="0">
  <testcase classname="com.billing.tests.AddProductTest" name="verifyProductDeletion" time="17.999"/>
  <system-out/>
  <testcase classname="com.billing.tests.AddProductTest" name="verifyAddProductSearch" time="21.589"/>
  <system-out/>
  <testcase classname="com.billing.tests.AddProductTest" name="verifyAddProductPage" time="16.769"/>
  <system-out/>
</testsuite> <!-- com.billing.tests.AddProductTest -->
